mode: set
github.com/bllooop/coinshop/cmd/main.go:9.13,11.2 1 0
github.com/bllooop/coinshop/internal/usecase/authusecase.go:18.63,22.2 1 0
github.com/bllooop/coinshop/internal/usecase/authusecase.go:35.65,37.2 1 0
github.com/bllooop/coinshop/internal/usecase/authusecase.go:39.80,41.16 2 0
github.com/bllooop/coinshop/internal/usecase/authusecase.go:41.16,43.3 1 0
github.com/bllooop/coinshop/internal/usecase/authusecase.go:45.2,52.47 2 0
github.com/bllooop/coinshop/internal/usecase/authusecase.go:66.67,67.109 1 0
github.com/bllooop/coinshop/internal/usecase/authusecase.go:67.109,68.58 1 0
github.com/bllooop/coinshop/internal/usecase/authusecase.go:68.58,70.4 1 0
github.com/bllooop/coinshop/internal/usecase/authusecase.go:72.3,72.33 1 0
github.com/bllooop/coinshop/internal/usecase/authusecase.go:74.2,74.16 1 0
github.com/bllooop/coinshop/internal/usecase/authusecase.go:74.16,76.3 1 0
github.com/bllooop/coinshop/internal/usecase/authusecase.go:78.2,79.9 2 0
github.com/bllooop/coinshop/internal/usecase/authusecase.go:79.9,81.3 1 0
github.com/bllooop/coinshop/internal/usecase/authusecase.go:83.2,83.27 1 0
github.com/bllooop/coinshop/internal/usecase/authusecase.go:86.51,91.2 3 0
github.com/bllooop/coinshop/internal/usecase/shopusecase.go:12.63,16.2 1 0
github.com/bllooop/coinshop/internal/usecase/shopusecase.go:18.84,20.2 1 0
github.com/bllooop/coinshop/internal/usecase/shopusecase.go:22.69,24.2 1 0
github.com/bllooop/coinshop/internal/usecase/usecase.go:23.55,28.2 1 0
github.com/bllooop/coinshop/internal/server/runserver.go:19.12,22.37 2 0
github.com/bllooop/coinshop/internal/server/runserver.go:22.37,25.3 2 0
github.com/bllooop/coinshop/internal/server/runserver.go:26.2,26.40 1 0
github.com/bllooop/coinshop/internal/server/runserver.go:26.40,29.3 2 0
github.com/bllooop/coinshop/internal/server/runserver.go:30.2,39.16 3 0
github.com/bllooop/coinshop/internal/server/runserver.go:39.16,42.3 2 0
github.com/bllooop/coinshop/internal/server/runserver.go:43.2,54.30 4 0
github.com/bllooop/coinshop/internal/server/runserver.go:54.30,57.3 2 0
github.com/bllooop/coinshop/internal/server/runserver.go:58.2,58.16 1 0
github.com/bllooop/coinshop/internal/server/runserver.go:58.16,61.3 2 0
github.com/bllooop/coinshop/internal/server/runserver.go:62.2,70.12 8 0
github.com/bllooop/coinshop/internal/server/runserver.go:70.12,72.117 2 0
github.com/bllooop/coinshop/internal/server/runserver.go:72.117,74.4 1 0
github.com/bllooop/coinshop/internal/server/runserver.go:74.9,77.4 2 0
github.com/bllooop/coinshop/internal/server/runserver.go:79.2,89.42 11 0
github.com/bllooop/coinshop/internal/server/runserver.go:89.42,92.3 2 0
github.com/bllooop/coinshop/internal/server/runserver.go:95.25,99.2 3 0
github.com/bllooop/coinshop/internal/server/server.go:13.69,22.2 2 0
github.com/bllooop/coinshop/internal/server/server.go:24.54,26.2 1 0
github.com/bllooop/coinshop/internal/usecase/mocks/mock.go:32.71,36.2 3 0
github.com/bllooop/coinshop/internal/usecase/mocks/mock.go:39.69,41.2 1 0
github.com/bllooop/coinshop/internal/usecase/mocks/mock.go:44.71,50.2 5 0
github.com/bllooop/coinshop/internal/usecase/mocks/mock.go:53.76,56.2 2 0
github.com/bllooop/coinshop/internal/usecase/mocks/mock.go:59.86,65.2 5 0
github.com/bllooop/coinshop/internal/usecase/mocks/mock.go:68.93,71.2 2 0
github.com/bllooop/coinshop/internal/usecase/mocks/mock.go:74.73,80.2 5 0
github.com/bllooop/coinshop/internal/usecase/mocks/mock.go:83.83,86.2 2 0
github.com/bllooop/coinshop/internal/usecase/mocks/mock.go:101.53,105.2 3 0
github.com/bllooop/coinshop/internal/usecase/mocks/mock.go:108.51,110.2 1 0
github.com/bllooop/coinshop/internal/usecase/mocks/mock.go:113.66,119.2 5 0
github.com/bllooop/coinshop/internal/usecase/mocks/mock.go:122.72,125.2 2 0
github.com/bllooop/coinshop/internal/usecase/mocks/mock.go:128.81,134.2 5 0
github.com/bllooop/coinshop/internal/usecase/mocks/mock.go:137.74,140.2 2 0
github.com/bllooop/coinshop/internal/delivery/api/authhandler.go:10.42,12.43 2 1
github.com/bllooop/coinshop/internal/delivery/api/authhandler.go:12.43,15.3 2 1
github.com/bllooop/coinshop/internal/delivery/api/authhandler.go:16.2,19.16 4 1
github.com/bllooop/coinshop/internal/delivery/api/authhandler.go:19.16,22.3 2 1
github.com/bllooop/coinshop/internal/delivery/api/authhandler.go:23.2,25.4 1 1
github.com/bllooop/coinshop/internal/delivery/api/authhandler.go:28.42,31.43 2 0
github.com/bllooop/coinshop/internal/delivery/api/authhandler.go:31.43,33.3 1 0
github.com/bllooop/coinshop/internal/delivery/api/authhandler.go:34.2,35.16 2 0
github.com/bllooop/coinshop/internal/delivery/api/authhandler.go:35.16,38.3 2 0
github.com/bllooop/coinshop/internal/delivery/api/authhandler.go:39.2,41.4 1 0
github.com/bllooop/coinshop/internal/delivery/api/errResponse.go:16.71,19.2 2 1
github.com/bllooop/coinshop/internal/delivery/api/handler.go:13.53,15.2 1 0
github.com/bllooop/coinshop/internal/delivery/api/handler.go:17.44,26.2 4 0
github.com/bllooop/coinshop/internal/delivery/api/handler.go:26.2,28.3 2 0
github.com/bllooop/coinshop/internal/delivery/api/handler.go:28.3,31.4 2 0
github.com/bllooop/coinshop/internal/delivery/api/handler.go:32.3,34.3 2 0
github.com/bllooop/coinshop/internal/delivery/api/handler.go:34.3,38.4 2 0
github.com/bllooop/coinshop/internal/delivery/api/handler.go:40.2,40.15 1 0
github.com/bllooop/coinshop/internal/delivery/api/middleware.go:16.48,18.18 2 1
github.com/bllooop/coinshop/internal/delivery/api/middleware.go:18.18,22.3 3 1
github.com/bllooop/coinshop/internal/delivery/api/middleware.go:23.2,24.27 2 1
github.com/bllooop/coinshop/internal/delivery/api/middleware.go:24.27,28.3 3 0
github.com/bllooop/coinshop/internal/delivery/api/middleware.go:29.2,30.16 2 1
github.com/bllooop/coinshop/internal/delivery/api/middleware.go:30.16,34.3 3 1
github.com/bllooop/coinshop/internal/delivery/api/middleware.go:35.2,35.24 1 1
github.com/bllooop/coinshop/internal/delivery/api/middleware.go:37.45,39.9 2 1
github.com/bllooop/coinshop/internal/delivery/api/middleware.go:39.9,41.3 1 1
github.com/bllooop/coinshop/internal/delivery/api/middleware.go:43.2,44.9 2 1
github.com/bllooop/coinshop/internal/delivery/api/middleware.go:44.9,46.3 1 0
github.com/bllooop/coinshop/internal/delivery/api/middleware.go:48.2,48.19 1 1
github.com/bllooop/coinshop/internal/delivery/api/shophandler.go:11.44,13.41 2 1
github.com/bllooop/coinshop/internal/delivery/api/shophandler.go:13.41,16.3 2 0
github.com/bllooop/coinshop/internal/delivery/api/shophandler.go:17.2,18.16 2 1
github.com/bllooop/coinshop/internal/delivery/api/shophandler.go:18.16,21.3 2 0
github.com/bllooop/coinshop/internal/delivery/api/shophandler.go:23.2,24.43 2 1
github.com/bllooop/coinshop/internal/delivery/api/shophandler.go:24.43,27.3 2 1
github.com/bllooop/coinshop/internal/delivery/api/shophandler.go:28.2,28.47 1 1
github.com/bllooop/coinshop/internal/delivery/api/shophandler.go:28.47,31.3 2 1
github.com/bllooop/coinshop/internal/delivery/api/shophandler.go:32.2,33.16 2 1
github.com/bllooop/coinshop/internal/delivery/api/shophandler.go:33.16,36.3 2 1
github.com/bllooop/coinshop/internal/delivery/api/shophandler.go:37.2,41.4 2 1
github.com/bllooop/coinshop/internal/delivery/api/shophandler.go:44.43,46.40 2 1
github.com/bllooop/coinshop/internal/delivery/api/shophandler.go:46.40,49.3 2 0
github.com/bllooop/coinshop/internal/delivery/api/shophandler.go:50.2,51.16 2 1
github.com/bllooop/coinshop/internal/delivery/api/shophandler.go:51.16,54.3 2 0
github.com/bllooop/coinshop/internal/delivery/api/shophandler.go:55.2,59.16 4 1
github.com/bllooop/coinshop/internal/delivery/api/shophandler.go:59.16,62.3 2 1
github.com/bllooop/coinshop/internal/delivery/api/shophandler.go:63.2,67.4 2 1
github.com/bllooop/coinshop/internal/usecase/authusecase.go:18.63,22.2 1 0
github.com/bllooop/coinshop/internal/usecase/authusecase.go:35.65,37.2 1 0
github.com/bllooop/coinshop/internal/usecase/authusecase.go:39.80,41.16 2 0
github.com/bllooop/coinshop/internal/usecase/authusecase.go:41.16,43.3 1 0
github.com/bllooop/coinshop/internal/usecase/authusecase.go:45.2,52.47 2 0
github.com/bllooop/coinshop/internal/usecase/authusecase.go:66.67,67.109 1 0
github.com/bllooop/coinshop/internal/usecase/authusecase.go:67.109,68.58 1 0
github.com/bllooop/coinshop/internal/usecase/authusecase.go:68.58,70.4 1 0
github.com/bllooop/coinshop/internal/usecase/authusecase.go:72.3,72.33 1 0
github.com/bllooop/coinshop/internal/usecase/authusecase.go:74.2,74.16 1 0
github.com/bllooop/coinshop/internal/usecase/authusecase.go:74.16,76.3 1 0
github.com/bllooop/coinshop/internal/usecase/authusecase.go:78.2,79.9 2 0
github.com/bllooop/coinshop/internal/usecase/authusecase.go:79.9,81.3 1 0
github.com/bllooop/coinshop/internal/usecase/authusecase.go:83.2,83.27 1 0
github.com/bllooop/coinshop/internal/usecase/authusecase.go:86.51,91.2 3 0
github.com/bllooop/coinshop/internal/usecase/shopusecase.go:12.63,16.2 1 0
github.com/bllooop/coinshop/internal/usecase/shopusecase.go:18.84,20.2 1 0
github.com/bllooop/coinshop/internal/usecase/shopusecase.go:22.69,24.2 1 0
github.com/bllooop/coinshop/internal/usecase/usecase.go:23.55,28.2 1 0
github.com/bllooop/coinshop/internal/usecase/mocks/mock.go:32.71,36.2 3 1
github.com/bllooop/coinshop/internal/usecase/mocks/mock.go:39.69,41.2 1 1
github.com/bllooop/coinshop/internal/usecase/mocks/mock.go:44.71,50.2 5 1
github.com/bllooop/coinshop/internal/usecase/mocks/mock.go:53.76,56.2 2 1
github.com/bllooop/coinshop/internal/usecase/mocks/mock.go:59.86,65.2 5 0
github.com/bllooop/coinshop/internal/usecase/mocks/mock.go:68.93,71.2 2 0
github.com/bllooop/coinshop/internal/usecase/mocks/mock.go:74.73,80.2 5 1
github.com/bllooop/coinshop/internal/usecase/mocks/mock.go:83.83,86.2 2 1
github.com/bllooop/coinshop/internal/usecase/mocks/mock.go:101.53,105.2 3 1
github.com/bllooop/coinshop/internal/usecase/mocks/mock.go:108.51,110.2 1 1
github.com/bllooop/coinshop/internal/usecase/mocks/mock.go:113.66,119.2 5 1
github.com/bllooop/coinshop/internal/usecase/mocks/mock.go:122.72,125.2 2 1
github.com/bllooop/coinshop/internal/usecase/mocks/mock.go:128.81,134.2 5 1
github.com/bllooop/coinshop/internal/usecase/mocks/mock.go:137.74,140.2 2 1
github.com/bllooop/coinshop/internal/repository/authrepository.go:14.49,18.2 1 1
github.com/bllooop/coinshop/internal/repository/authrepository.go:20.66,24.38 4 1
github.com/bllooop/coinshop/internal/repository/authrepository.go:24.38,26.3 1 1
github.com/bllooop/coinshop/internal/repository/authrepository.go:27.2,27.16 1 1
github.com/bllooop/coinshop/internal/repository/authrepository.go:30.81,37.2 5 1
github.com/bllooop/coinshop/internal/repository/migrate.go:12.55,16.16 3 0
github.com/bllooop/coinshop/internal/repository/migrate.go:16.16,18.3 1 0
github.com/bllooop/coinshop/internal/repository/migrate.go:19.2,22.16 4 0
github.com/bllooop/coinshop/internal/repository/migrate.go:22.16,24.3 1 0
github.com/bllooop/coinshop/internal/repository/migrate.go:25.2,26.16 2 0
github.com/bllooop/coinshop/internal/repository/migrate.go:26.16,28.3 1 0
github.com/bllooop/coinshop/internal/repository/migrate.go:29.2,30.12 2 0
github.com/bllooop/coinshop/internal/repository/postgres.go:27.50,33.16 5 0
github.com/bllooop/coinshop/internal/repository/postgres.go:33.16,35.3 1 0
github.com/bllooop/coinshop/internal/repository/postgres.go:36.2,36.16 1 0
github.com/bllooop/coinshop/internal/repository/repository.go:22.45,27.2 1 0
github.com/bllooop/coinshop/internal/repository/shoprepository.go:17.49,21.2 1 1
github.com/bllooop/coinshop/internal/repository/shoprepository.go:23.70,25.16 2 1
github.com/bllooop/coinshop/internal/repository/shoprepository.go:25.16,27.3 1 0
github.com/bllooop/coinshop/internal/repository/shoprepository.go:28.2,32.50 5 1
github.com/bllooop/coinshop/internal/repository/shoprepository.go:32.50,34.3 1 1
github.com/bllooop/coinshop/internal/repository/shoprepository.go:35.2,37.42 3 1
github.com/bllooop/coinshop/internal/repository/shoprepository.go:37.42,39.3 1 0
github.com/bllooop/coinshop/internal/repository/shoprepository.go:40.2,40.22 1 1
github.com/bllooop/coinshop/internal/repository/shoprepository.go:40.22,42.3 1 1
github.com/bllooop/coinshop/internal/repository/shoprepository.go:43.2,45.38 3 1
github.com/bllooop/coinshop/internal/repository/shoprepository.go:45.38,48.3 2 0
github.com/bllooop/coinshop/internal/repository/shoprepository.go:49.2,51.16 3 1
github.com/bllooop/coinshop/internal/repository/shoprepository.go:51.16,54.3 2 0
github.com/bllooop/coinshop/internal/repository/shoprepository.go:55.2,56.24 2 1
github.com/bllooop/coinshop/internal/repository/shoprepository.go:59.85,62.16 2 0
github.com/bllooop/coinshop/internal/repository/shoprepository.go:62.16,64.3 1 0
github.com/bllooop/coinshop/internal/repository/shoprepository.go:65.2,68.42 4 0
github.com/bllooop/coinshop/internal/repository/shoprepository.go:68.42,70.3 1 0
github.com/bllooop/coinshop/internal/repository/shoprepository.go:71.2,71.29 1 0
github.com/bllooop/coinshop/internal/repository/shoprepository.go:71.29,73.3 1 0
github.com/bllooop/coinshop/internal/repository/shoprepository.go:74.2,76.38 3 0
github.com/bllooop/coinshop/internal/repository/shoprepository.go:76.38,79.3 2 0
github.com/bllooop/coinshop/internal/repository/shoprepository.go:80.2,82.16 3 0
github.com/bllooop/coinshop/internal/repository/shoprepository.go:82.16,85.3 2 0
github.com/bllooop/coinshop/internal/repository/shoprepository.go:86.2,88.38 3 0
github.com/bllooop/coinshop/internal/repository/shoprepository.go:88.38,91.3 2 0
github.com/bllooop/coinshop/internal/repository/shoprepository.go:92.2,93.24 2 0
