mode: set
github.com/bllooop/coinshop/cmd/main.go:9.13,11.2 1 0
github.com/bllooop/coinshop/internal/server/runserver.go:19.12,22.37 2 0
github.com/bllooop/coinshop/internal/server/runserver.go:22.37,25.3 2 0
github.com/bllooop/coinshop/internal/server/runserver.go:26.2,26.40 1 0
github.com/bllooop/coinshop/internal/server/runserver.go:26.40,29.3 2 0
github.com/bllooop/coinshop/internal/server/runserver.go:30.2,39.16 3 0
github.com/bllooop/coinshop/internal/server/runserver.go:39.16,42.3 2 0
github.com/bllooop/coinshop/internal/server/runserver.go:43.2,54.30 4 0
github.com/bllooop/coinshop/internal/server/runserver.go:54.30,57.3 2 0
github.com/bllooop/coinshop/internal/server/runserver.go:58.2,58.16 1 0
github.com/bllooop/coinshop/internal/server/runserver.go:58.16,61.3 2 0
github.com/bllooop/coinshop/internal/server/runserver.go:62.2,70.12 8 0
github.com/bllooop/coinshop/internal/server/runserver.go:70.12,72.117 2 0
github.com/bllooop/coinshop/internal/server/runserver.go:72.117,74.4 1 0
github.com/bllooop/coinshop/internal/server/runserver.go:74.9,77.4 2 0
github.com/bllooop/coinshop/internal/server/runserver.go:79.2,89.42 11 0
github.com/bllooop/coinshop/internal/server/runserver.go:89.42,92.3 2 0
github.com/bllooop/coinshop/internal/server/runserver.go:95.25,99.2 3 0
github.com/bllooop/coinshop/internal/server/server.go:13.69,22.2 2 0
github.com/bllooop/coinshop/internal/server/server.go:24.54,26.2 1 0
github.com/bllooop/coinshop/internal/usecase/mocks/mock.go:32.71,36.2 3 0
github.com/bllooop/coinshop/internal/usecase/mocks/mock.go:39.69,41.2 1 0
github.com/bllooop/coinshop/internal/usecase/mocks/mock.go:44.71,50.2 5 0
github.com/bllooop/coinshop/internal/usecase/mocks/mock.go:53.76,56.2 2 0
github.com/bllooop/coinshop/internal/usecase/mocks/mock.go:59.71,65.2 5 0
github.com/bllooop/coinshop/internal/usecase/mocks/mock.go:68.81,71.2 2 0
github.com/bllooop/coinshop/internal/usecase/mocks/mock.go:74.73,80.2 5 0
github.com/bllooop/coinshop/internal/usecase/mocks/mock.go:83.83,86.2 2 0
github.com/bllooop/coinshop/internal/usecase/mocks/mock.go:89.86,95.2 5 0
github.com/bllooop/coinshop/internal/usecase/mocks/mock.go:98.88,101.2 2 0
github.com/bllooop/coinshop/internal/usecase/mocks/mock.go:116.53,120.2 3 0
github.com/bllooop/coinshop/internal/usecase/mocks/mock.go:123.51,125.2 1 0
github.com/bllooop/coinshop/internal/usecase/mocks/mock.go:128.66,134.2 5 0
github.com/bllooop/coinshop/internal/usecase/mocks/mock.go:137.72,140.2 2 0
github.com/bllooop/coinshop/internal/usecase/mocks/mock.go:143.76,149.2 5 0
github.com/bllooop/coinshop/internal/usecase/mocks/mock.go:152.73,155.2 2 0
github.com/bllooop/coinshop/internal/usecase/mocks/mock.go:158.81,164.2 5 0
github.com/bllooop/coinshop/internal/usecase/mocks/mock.go:167.74,170.2 2 0
github.com/bllooop/coinshop/internal/usecase/authusecase.go:17.63,21.2 1 0
github.com/bllooop/coinshop/internal/usecase/authusecase.go:34.65,37.16 3 0
github.com/bllooop/coinshop/internal/usecase/authusecase.go:37.16,39.3 1 0
github.com/bllooop/coinshop/internal/usecase/authusecase.go:40.2,40.32 1 0
github.com/bllooop/coinshop/internal/usecase/authusecase.go:42.80,44.16 2 0
github.com/bllooop/coinshop/internal/usecase/authusecase.go:44.16,46.3 1 0
github.com/bllooop/coinshop/internal/usecase/authusecase.go:47.2,47.46 1 0
github.com/bllooop/coinshop/internal/usecase/authusecase.go:47.46,49.3 1 0
github.com/bllooop/coinshop/internal/usecase/authusecase.go:50.2,50.18 1 0
github.com/bllooop/coinshop/internal/usecase/authusecase.go:52.65,61.2 2 0
github.com/bllooop/coinshop/internal/usecase/authusecase.go:63.67,64.109 1 0
github.com/bllooop/coinshop/internal/usecase/authusecase.go:64.109,65.58 1 0
github.com/bllooop/coinshop/internal/usecase/authusecase.go:65.58,67.4 1 0
github.com/bllooop/coinshop/internal/usecase/authusecase.go:69.3,69.33 1 0
github.com/bllooop/coinshop/internal/usecase/authusecase.go:71.2,71.16 1 0
github.com/bllooop/coinshop/internal/usecase/authusecase.go:71.16,73.3 1 0
github.com/bllooop/coinshop/internal/usecase/authusecase.go:75.2,76.9 2 0
github.com/bllooop/coinshop/internal/usecase/authusecase.go:76.9,78.3 1 0
github.com/bllooop/coinshop/internal/usecase/authusecase.go:80.2,80.27 1 0
github.com/bllooop/coinshop/internal/usecase/authusecase.go:83.52,86.2 2 0
github.com/bllooop/coinshop/internal/usecase/authusecase.go:88.59,91.2 2 0
github.com/bllooop/coinshop/internal/usecase/shopusecase.go:14.63,18.2 1 0
github.com/bllooop/coinshop/internal/usecase/shopusecase.go:20.84,25.2 4 0
github.com/bllooop/coinshop/internal/usecase/shopusecase.go:27.69,29.2 1 0
github.com/bllooop/coinshop/internal/usecase/shopusecase.go:31.79,33.2 1 0
github.com/bllooop/coinshop/internal/usecase/usecase.go:25.55,30.2 1 0
github.com/bllooop/coinshop/internal/delivery/api/authhandler.go:12.42,14.43 2 1
github.com/bllooop/coinshop/internal/delivery/api/authhandler.go:14.43,17.3 2 1
github.com/bllooop/coinshop/internal/delivery/api/authhandler.go:18.2,21.16 4 1
github.com/bllooop/coinshop/internal/delivery/api/authhandler.go:21.16,24.3 2 1
github.com/bllooop/coinshop/internal/delivery/api/authhandler.go:25.2,27.4 1 1
github.com/bllooop/coinshop/internal/delivery/api/authhandler.go:30.42,34.43 3 0
github.com/bllooop/coinshop/internal/delivery/api/authhandler.go:34.43,36.3 1 0
github.com/bllooop/coinshop/internal/delivery/api/authhandler.go:37.2,38.16 2 0
github.com/bllooop/coinshop/internal/delivery/api/authhandler.go:38.16,40.17 2 0
github.com/bllooop/coinshop/internal/delivery/api/authhandler.go:40.17,43.4 2 0
github.com/bllooop/coinshop/internal/delivery/api/authhandler.go:45.3,48.9 2 0
github.com/bllooop/coinshop/internal/delivery/api/authhandler.go:50.2,50.49 1 0
github.com/bllooop/coinshop/internal/delivery/api/authhandler.go:50.49,54.17 4 0
github.com/bllooop/coinshop/internal/delivery/api/authhandler.go:54.17,57.4 2 0
github.com/bllooop/coinshop/internal/delivery/api/authhandler.go:58.3,59.22 2 0
github.com/bllooop/coinshop/internal/delivery/api/authhandler.go:59.22,62.4 2 0
github.com/bllooop/coinshop/internal/delivery/api/authhandler.go:64.3,68.9 2 0
github.com/bllooop/coinshop/internal/delivery/api/authhandler.go:70.2,70.90 1 0
github.com/bllooop/coinshop/internal/delivery/api/errResponse.go:16.71,19.2 2 1
github.com/bllooop/coinshop/internal/delivery/api/handler.go:13.53,15.2 1 0
github.com/bllooop/coinshop/internal/delivery/api/handler.go:17.44,26.2 4 0
github.com/bllooop/coinshop/internal/delivery/api/handler.go:26.2,28.3 2 0
github.com/bllooop/coinshop/internal/delivery/api/handler.go:28.3,31.4 2 0
github.com/bllooop/coinshop/internal/delivery/api/handler.go:32.3,34.3 2 0
github.com/bllooop/coinshop/internal/delivery/api/handler.go:34.3,38.4 3 0
github.com/bllooop/coinshop/internal/delivery/api/handler.go:40.2,40.15 1 0
github.com/bllooop/coinshop/internal/delivery/api/middleware.go:16.48,18.18 2 0
github.com/bllooop/coinshop/internal/delivery/api/middleware.go:18.18,22.3 3 0
github.com/bllooop/coinshop/internal/delivery/api/middleware.go:23.2,24.27 2 0
github.com/bllooop/coinshop/internal/delivery/api/middleware.go:24.27,28.3 3 0
github.com/bllooop/coinshop/internal/delivery/api/middleware.go:29.2,30.16 2 0
github.com/bllooop/coinshop/internal/delivery/api/middleware.go:30.16,34.3 3 0
github.com/bllooop/coinshop/internal/delivery/api/middleware.go:35.2,35.24 1 0
github.com/bllooop/coinshop/internal/delivery/api/middleware.go:37.45,39.9 2 1
github.com/bllooop/coinshop/internal/delivery/api/middleware.go:39.9,41.3 1 0
github.com/bllooop/coinshop/internal/delivery/api/middleware.go:43.2,44.9 2 1
github.com/bllooop/coinshop/internal/delivery/api/middleware.go:44.9,46.3 1 0
github.com/bllooop/coinshop/internal/delivery/api/middleware.go:48.2,48.19 1 1
github.com/bllooop/coinshop/internal/delivery/api/shophandler.go:13.44,15.41 2 1
github.com/bllooop/coinshop/internal/delivery/api/shophandler.go:15.41,18.3 2 0
github.com/bllooop/coinshop/internal/delivery/api/shophandler.go:19.2,20.16 2 1
github.com/bllooop/coinshop/internal/delivery/api/shophandler.go:20.16,23.3 2 0
github.com/bllooop/coinshop/internal/delivery/api/shophandler.go:24.2,25.43 2 1
github.com/bllooop/coinshop/internal/delivery/api/shophandler.go:25.43,28.3 2 1
github.com/bllooop/coinshop/internal/delivery/api/shophandler.go:29.2,29.49 1 1
github.com/bllooop/coinshop/internal/delivery/api/shophandler.go:29.49,32.3 2 1
github.com/bllooop/coinshop/internal/delivery/api/shophandler.go:33.2,34.16 2 1
github.com/bllooop/coinshop/internal/delivery/api/shophandler.go:34.16,37.3 2 1
github.com/bllooop/coinshop/internal/delivery/api/shophandler.go:38.2,42.4 2 1
github.com/bllooop/coinshop/internal/delivery/api/shophandler.go:45.43,47.40 2 1
github.com/bllooop/coinshop/internal/delivery/api/shophandler.go:47.40,50.3 2 0
github.com/bllooop/coinshop/internal/delivery/api/shophandler.go:51.2,52.16 2 1
github.com/bllooop/coinshop/internal/delivery/api/shophandler.go:52.16,55.3 2 0
github.com/bllooop/coinshop/internal/delivery/api/shophandler.go:56.2,60.16 4 1
github.com/bllooop/coinshop/internal/delivery/api/shophandler.go:60.16,63.3 2 1
github.com/bllooop/coinshop/internal/delivery/api/shophandler.go:64.2,68.4 2 1
github.com/bllooop/coinshop/internal/delivery/api/shophandler.go:71.43,73.40 2 1
github.com/bllooop/coinshop/internal/delivery/api/shophandler.go:73.40,76.3 2 0
github.com/bllooop/coinshop/internal/delivery/api/shophandler.go:77.2,78.16 2 1
github.com/bllooop/coinshop/internal/delivery/api/shophandler.go:78.16,81.3 2 0
github.com/bllooop/coinshop/internal/delivery/api/shophandler.go:82.2,83.16 2 1
github.com/bllooop/coinshop/internal/delivery/api/shophandler.go:83.16,84.36 1 1
github.com/bllooop/coinshop/internal/delivery/api/shophandler.go:84.36,87.4 2 1
github.com/bllooop/coinshop/internal/delivery/api/shophandler.go:88.3,89.9 2 1
github.com/bllooop/coinshop/internal/delivery/api/shophandler.go:91.2,93.30 2 1
github.com/bllooop/coinshop/internal/usecase/authusecase.go:17.63,21.2 1 0
github.com/bllooop/coinshop/internal/usecase/authusecase.go:34.65,37.16 3 0
github.com/bllooop/coinshop/internal/usecase/authusecase.go:37.16,39.3 1 0
github.com/bllooop/coinshop/internal/usecase/authusecase.go:40.2,40.32 1 0
github.com/bllooop/coinshop/internal/usecase/authusecase.go:42.80,44.16 2 0
github.com/bllooop/coinshop/internal/usecase/authusecase.go:44.16,46.3 1 0
github.com/bllooop/coinshop/internal/usecase/authusecase.go:47.2,47.46 1 0
github.com/bllooop/coinshop/internal/usecase/authusecase.go:47.46,49.3 1 0
github.com/bllooop/coinshop/internal/usecase/authusecase.go:50.2,50.18 1 0
github.com/bllooop/coinshop/internal/usecase/authusecase.go:52.65,61.2 2 0
github.com/bllooop/coinshop/internal/usecase/authusecase.go:63.67,64.109 1 0
github.com/bllooop/coinshop/internal/usecase/authusecase.go:64.109,65.58 1 0
github.com/bllooop/coinshop/internal/usecase/authusecase.go:65.58,67.4 1 0
github.com/bllooop/coinshop/internal/usecase/authusecase.go:69.3,69.33 1 0
github.com/bllooop/coinshop/internal/usecase/authusecase.go:71.2,71.16 1 0
github.com/bllooop/coinshop/internal/usecase/authusecase.go:71.16,73.3 1 0
github.com/bllooop/coinshop/internal/usecase/authusecase.go:75.2,76.9 2 0
github.com/bllooop/coinshop/internal/usecase/authusecase.go:76.9,78.3 1 0
github.com/bllooop/coinshop/internal/usecase/authusecase.go:80.2,80.27 1 0
github.com/bllooop/coinshop/internal/usecase/authusecase.go:83.52,86.2 2 0
github.com/bllooop/coinshop/internal/usecase/authusecase.go:88.59,91.2 2 0
github.com/bllooop/coinshop/internal/usecase/shopusecase.go:14.63,18.2 1 0
github.com/bllooop/coinshop/internal/usecase/shopusecase.go:20.84,25.2 4 0
github.com/bllooop/coinshop/internal/usecase/shopusecase.go:27.69,29.2 1 0
github.com/bllooop/coinshop/internal/usecase/shopusecase.go:31.79,33.2 1 0
github.com/bllooop/coinshop/internal/usecase/usecase.go:25.55,30.2 1 0
github.com/bllooop/coinshop/internal/usecase/mocks/mock.go:32.71,36.2 3 1
github.com/bllooop/coinshop/internal/usecase/mocks/mock.go:39.69,41.2 1 1
github.com/bllooop/coinshop/internal/usecase/mocks/mock.go:44.71,50.2 5 1
github.com/bllooop/coinshop/internal/usecase/mocks/mock.go:53.76,56.2 2 1
github.com/bllooop/coinshop/internal/usecase/mocks/mock.go:59.71,65.2 5 0
github.com/bllooop/coinshop/internal/usecase/mocks/mock.go:68.81,71.2 2 0
github.com/bllooop/coinshop/internal/usecase/mocks/mock.go:74.73,80.2 5 0
github.com/bllooop/coinshop/internal/usecase/mocks/mock.go:83.83,86.2 2 0
github.com/bllooop/coinshop/internal/usecase/mocks/mock.go:89.86,95.2 5 0
github.com/bllooop/coinshop/internal/usecase/mocks/mock.go:98.88,101.2 2 0
github.com/bllooop/coinshop/internal/usecase/mocks/mock.go:116.53,120.2 3 1
github.com/bllooop/coinshop/internal/usecase/mocks/mock.go:123.51,125.2 1 1
github.com/bllooop/coinshop/internal/usecase/mocks/mock.go:128.66,134.2 5 1
github.com/bllooop/coinshop/internal/usecase/mocks/mock.go:137.72,140.2 2 1
github.com/bllooop/coinshop/internal/usecase/mocks/mock.go:143.76,149.2 5 1
github.com/bllooop/coinshop/internal/usecase/mocks/mock.go:152.73,155.2 2 1
github.com/bllooop/coinshop/internal/usecase/mocks/mock.go:158.81,164.2 5 1
github.com/bllooop/coinshop/internal/usecase/mocks/mock.go:167.74,170.2 2 1
github.com/bllooop/coinshop/internal/repository/authrepository.go:16.49,20.2 1 1
github.com/bllooop/coinshop/internal/repository/authrepository.go:22.66,26.38 4 1
github.com/bllooop/coinshop/internal/repository/authrepository.go:26.38,28.3 1 1
github.com/bllooop/coinshop/internal/repository/authrepository.go:29.2,29.16 1 1
github.com/bllooop/coinshop/internal/repository/authrepository.go:32.71,37.16 5 1
github.com/bllooop/coinshop/internal/repository/authrepository.go:37.16,38.36 1 1
github.com/bllooop/coinshop/internal/repository/authrepository.go:38.36,40.4 1 1
github.com/bllooop/coinshop/internal/repository/authrepository.go:41.3,41.28 1 0
github.com/bllooop/coinshop/internal/repository/authrepository.go:43.2,43.18 1 1
github.com/bllooop/coinshop/internal/repository/migrate.go:12.55,16.16 3 0
github.com/bllooop/coinshop/internal/repository/migrate.go:16.16,18.3 1 0
github.com/bllooop/coinshop/internal/repository/migrate.go:19.2,22.16 4 0
github.com/bllooop/coinshop/internal/repository/migrate.go:22.16,24.3 1 0
github.com/bllooop/coinshop/internal/repository/migrate.go:25.2,26.16 2 0
github.com/bllooop/coinshop/internal/repository/migrate.go:26.16,28.3 1 0
github.com/bllooop/coinshop/internal/repository/migrate.go:29.2,30.12 2 0
github.com/bllooop/coinshop/internal/repository/postgres.go:27.50,33.16 5 0
github.com/bllooop/coinshop/internal/repository/postgres.go:33.16,35.3 1 0
github.com/bllooop/coinshop/internal/repository/postgres.go:36.2,36.16 1 0
github.com/bllooop/coinshop/internal/repository/repository.go:23.45,28.2 1 0
github.com/bllooop/coinshop/internal/repository/shoprepository.go:17.49,21.2 1 1
github.com/bllooop/coinshop/internal/repository/shoprepository.go:23.70,25.16 2 1
github.com/bllooop/coinshop/internal/repository/shoprepository.go:25.16,27.3 1 0
github.com/bllooop/coinshop/internal/repository/shoprepository.go:28.2,32.50 5 1
github.com/bllooop/coinshop/internal/repository/shoprepository.go:32.50,34.3 1 1
github.com/bllooop/coinshop/internal/repository/shoprepository.go:35.2,37.42 3 1
github.com/bllooop/coinshop/internal/repository/shoprepository.go:37.42,39.3 1 0
github.com/bllooop/coinshop/internal/repository/shoprepository.go:40.2,40.22 1 1
github.com/bllooop/coinshop/internal/repository/shoprepository.go:40.22,42.3 1 1
github.com/bllooop/coinshop/internal/repository/shoprepository.go:43.2,45.38 3 1
github.com/bllooop/coinshop/internal/repository/shoprepository.go:45.38,48.3 2 0
github.com/bllooop/coinshop/internal/repository/shoprepository.go:49.2,51.16 3 1
github.com/bllooop/coinshop/internal/repository/shoprepository.go:51.16,54.3 2 0
github.com/bllooop/coinshop/internal/repository/shoprepository.go:55.2,56.24 2 1
github.com/bllooop/coinshop/internal/repository/shoprepository.go:59.73,62.16 2 1
github.com/bllooop/coinshop/internal/repository/shoprepository.go:62.16,64.3 1 0
github.com/bllooop/coinshop/internal/repository/shoprepository.go:65.2,68.42 4 1
github.com/bllooop/coinshop/internal/repository/shoprepository.go:68.42,70.3 1 0
github.com/bllooop/coinshop/internal/repository/shoprepository.go:71.2,71.29 1 1
github.com/bllooop/coinshop/internal/repository/shoprepository.go:71.29,73.3 1 0
github.com/bllooop/coinshop/internal/repository/shoprepository.go:74.2,76.16 3 1
github.com/bllooop/coinshop/internal/repository/shoprepository.go:76.16,79.3 2 1
github.com/bllooop/coinshop/internal/repository/shoprepository.go:80.2,82.16 3 1
github.com/bllooop/coinshop/internal/repository/shoprepository.go:82.16,85.3 2 0
github.com/bllooop/coinshop/internal/repository/shoprepository.go:86.2,88.38 3 1
github.com/bllooop/coinshop/internal/repository/shoprepository.go:88.38,91.3 2 1
github.com/bllooop/coinshop/internal/repository/shoprepository.go:92.2,93.24 2 1
github.com/bllooop/coinshop/internal/repository/shoprepository.go:96.80,99.16 3 0
github.com/bllooop/coinshop/internal/repository/shoprepository.go:99.16,101.3 1 0
github.com/bllooop/coinshop/internal/repository/shoprepository.go:103.2,111.16 3 0
github.com/bllooop/coinshop/internal/repository/shoprepository.go:111.16,113.3 1 0
github.com/bllooop/coinshop/internal/repository/shoprepository.go:115.2,122.16 3 0
github.com/bllooop/coinshop/internal/repository/shoprepository.go:122.16,124.3 1 0
github.com/bllooop/coinshop/internal/repository/shoprepository.go:126.2,133.16 3 0
github.com/bllooop/coinshop/internal/repository/shoprepository.go:133.16,135.3 1 0
github.com/bllooop/coinshop/internal/repository/shoprepository.go:137.2,147.25 2 0
